===================================== demo =====================================

[2025-07-03 19:49:41] Testing AgentLogger component

================================================================================

===================================== demo =====================================

[2025-07-03 19:49:41] Logger component is working correctly!

================================================================================

================================ demo: success ================================

[2025-07-03 19:49:41] AgentLogger functionality verified

================================================================================

===================================== demo =====================================

[2025-07-03 19:49:41] Testing AgentComms component

================================================================================

===================================== demo =====================================

[2025-07-03 19:49:41] Received message: Hello from AgentComms!

================================================================================

================================ demo: success ================================

[2025-07-03 19:49:41] AgentComms functionality verified

================================================================================

===================================== demo =====================================

[2025-07-03 19:49:41] Testing AgentMemory component

================================================================================

================================ demo: success ================================

[2025-07-03 19:49:41] AgentMemory functionality verified

================================================================================

===================================== demo =====================================

[2025-07-03 19:49:41] Testing AgentLoop component

================================================================================

===================================== demo =====================================

[2025-07-03 19:49:42] Executing step 1

================================================================================

===================================== demo =====================================

[2025-07-03 19:49:42] Executing step 2

================================================================================

===================================== demo =====================================

[2025-07-03 19:49:42] Executing step 3

================================================================================

================================ demo: success ================================

[2025-07-03 19:49:42] AgentLoop functionality verified

================================================================================

===================================== demo =====================================

[2025-07-03 19:49:42] Testing Core State management

================================================================================

================================ demo: success ================================

[2025-07-03 19:49:42] Core State management verified

================================================================================

================================ demo: success ================================

[2025-07-03 19:49:42] All core components successfully demonstrated!

================================================================================

================================== shell-demo ==================================

[2025-07-03 19:54:49] Starting interactive shell...

================================================================================

================================== shell-demo ==================================

[2025-07-03 19:54:49] Try these commands: demo, agent start, agent stop, status, help, exit

================================================================================

================================== agentshell ==================================

[2025-07-03 19:54:49] Interactive shell started

================================================================================

============================= agentshell: success =============================

[2025-07-03 19:54:49] ElizaOS Interactive Shell

================================================================================

================================== agentshell ==================================

[2025-07-03 19:54:49] Type 'help' for available commands, 'exit' to quit

================================================================================

===================================== demo =====================================

[2025-07-03 19:55:51] Testing AgentLogger component

================================================================================

===================================== demo =====================================

[2025-07-03 19:55:51] Logger component is working correctly!

================================================================================

================================ demo: success ================================

[2025-07-03 19:55:51] AgentLogger functionality verified

================================================================================

===================================== demo =====================================

[2025-07-03 19:55:51] Testing AgentComms component

================================================================================

===================================== demo =====================================

[2025-07-03 19:55:51] Received message: Hello from AgentComms!

================================================================================

================================ demo: success ================================

[2025-07-03 19:55:51] AgentComms functionality verified

================================================================================

===================================== demo =====================================

[2025-07-03 19:55:51] Testing AgentMemory component

================================================================================

================================ demo: success ================================

[2025-07-03 19:55:51] AgentMemory functionality verified

================================================================================

===================================== demo =====================================

[2025-07-03 19:55:51] Testing AgentLoop component

================================================================================

===================================== demo =====================================

[2025-07-03 19:55:52] Executing step 1

================================================================================

===================================== demo =====================================

[2025-07-03 19:55:52] Executing step 2

================================================================================

===================================== demo =====================================

[2025-07-03 19:55:52] Executing step 3

================================================================================

================================ demo: success ================================

[2025-07-03 19:55:52] AgentLoop functionality verified

================================================================================

===================================== demo =====================================

[2025-07-03 19:55:52] Testing Core State management

================================================================================

================================ demo: success ================================

[2025-07-03 19:55:52] Core State management verified

================================================================================

================================ demo: success ================================

[2025-07-03 19:55:52] All core components successfully demonstrated!

================================================================================

================================== shell-demo ==================================

[2025-08-26 19:53:03] Starting interactive shell...

================================================================================

================================== shell-demo ==================================

[2025-08-26 19:53:03] Try these commands: demo, agent start, agent stop, status, help, exit

================================================================================

================================== agentshell ==================================

[2025-08-26 19:53:03] Interactive shell started

================================================================================

============================= agentshell: success =============================

[2025-08-26 19:53:03] ElizaOS Interactive Shell

================================================================================

================================== agentshell ==================================

[2025-08-26 19:53:03] Type 'help' for available commands, 'exit' to quit

================================================================================

